{"C:\\Users\\Bravo\\Programming\\JavaScript\\serverless_examples_230911\\friday\\jest_examples\\src\\ecommerce.js": {"path":"C:\\Users\\Bravo\\Programming\\JavaScript\\serverless_examples_230911\\friday\\jest_examples\\src\\ecommerce.js","statementMap":{"0":{"start":{"line":2,"column":23},"end":{"line":2,"column":79}},"1":{"start":{"line":2,"column":57},"end":{"line":2,"column":75}},"2":{"start":{"line":3,"column":4},"end":{"line":3,"column":22}},"3":{"start":{"line":7,"column":23},"end":{"line":7,"column":48}},"4":{"start":{"line":8,"column":4},"end":{"line":8,"column":33}},"5":{"start":{"line":11,"column":0},"end":{"line":11,"column":54}}},"fnMap":{"0":{"name":"calculateTotal","decl":{"start":{"line":1,"column":9},"end":{"line":1,"column":23}},"loc":{"start":{"line":1,"column":34},"end":{"line":4,"column":1}},"line":1},"1":{"name":"(anonymous_1)","decl":{"start":{"line":2,"column":40},"end":{"line":2,"column":41}},"loc":{"start":{"line":2,"column":57},"end":{"line":2,"column":75}},"line":2},"2":{"name":"calculateDiscount","decl":{"start":{"line":6,"column":9},"end":{"line":6,"column":26}},"loc":{"start":{"line":6,"column":63},"end":{"line":9,"column":1}},"line":6}},"branchMap":{},"s":{"0":0,"1":0,"2":0,"3":1,"4":1,"5":1},"f":{"0":0,"1":0,"2":1},"b":{},"_coverageSchema":"1a1c01bbd47fc00a2c39e90264f33305004495a9","hash":"5dbef1d01e414948d16de33e53b287659bc5e3a4"}
,"C:\\Users\\Bravo\\Programming\\JavaScript\\serverless_examples_230911\\friday\\jest_examples\\src\\math.js": {"path":"C:\\Users\\Bravo\\Programming\\JavaScript\\serverless_examples_230911\\friday\\jest_examples\\src\\math.js","statementMap":{"0":{"start":{"line":1,"column":23},"end":{"line":6,"column":1}},"1":{"start":{"line":2,"column":19},"end":{"line":2,"column":24}},"2":{"start":{"line":3,"column":20},"end":{"line":3,"column":25}},"3":{"start":{"line":4,"column":23},"end":{"line":4,"column":28}},"4":{"start":{"line":5,"column":22},"end":{"line":5,"column":28}},"5":{"start":{"line":11,"column":0},"end":{"line":11,"column":32}}},"fnMap":{"0":{"name":"(anonymous_0)","decl":{"start":{"line":2,"column":9},"end":{"line":2,"column":10}},"loc":{"start":{"line":2,"column":19},"end":{"line":2,"column":24}},"line":2},"1":{"name":"(anonymous_1)","decl":{"start":{"line":3,"column":10},"end":{"line":3,"column":11}},"loc":{"start":{"line":3,"column":20},"end":{"line":3,"column":25}},"line":3},"2":{"name":"(anonymous_2)","decl":{"start":{"line":4,"column":13},"end":{"line":4,"column":14}},"loc":{"start":{"line":4,"column":23},"end":{"line":4,"column":28}},"line":4},"3":{"name":"(anonymous_3)","decl":{"start":{"line":5,"column":12},"end":{"line":5,"column":13}},"loc":{"start":{"line":5,"column":22},"end":{"line":5,"column":28}},"line":5}},"branchMap":{},"s":{"0":2,"1":2,"2":2,"3":2,"4":0,"5":2},"f":{"0":2,"1":2,"2":2,"3":0},"b":{},"_coverageSchema":"1a1c01bbd47fc00a2c39e90264f33305004495a9","hash":"1e7bc31b7e644dded3b80125e3da2b770e208ba3"}
}
