TN:
SF:src\ecommerce.js
FN:1,calculateTotal
FN:2,(anonymous_1)
FN:6,calculateDiscount
FNF:3
FNH:1
FNDA:0,calculateTotal
FNDA:0,(anonymous_1)
FNDA:1,calculateDiscount
DA:2,0
DA:3,0
DA:7,1
DA:8,1
DA:11,1
LF:5
LH:3
BRF:0
BRH:0
end_of_record
TN:
SF:src\math.js
FN:2,(anonymous_0)
FN:3,(anonymous_1)
FN:4,(anonymous_2)
FN:5,(anonymous_3)
FNF:4
FNH:3
FNDA:2,(anonymous_0)
FNDA:2,(anonymous_1)
FNDA:2,(anonymous_2)
FNDA:0,(anonymous_3)
DA:1,2
DA:2,2
DA:3,2
DA:4,2
DA:5,0
DA:11,2
LF:6
LH:5
BRF:0
BRH:0
end_of_record
